ISim log file
Running: C:\Users\Student.DESKTOP-7NHPTUF\Desktop\Project_LCD\top_mips_hamming_isim_beh.exe -intstyle ise -gui -tclbatch isim.cmd -wdb C:/Users/Student.DESKTOP-7NHPTUF/Desktop/Project_LCD/top_mips_hamming_isim_beh.wdb 
ISim P.20131013 (signature 0x7708f090)
WARNING: A WEBPACK license was found.
WARNING: Please use Xilinx License Configuration Manager to check out a full ISim license.
WARNING: ISim will run in Lite mode. Please refer to the ISim documentation for more information on the differences between the Lite and the Full version.
This is a Lite version of ISim.
Time resolution is 1 ps
# onerror resume
# wave add /
# run 1000 ns
Simulator is doing circuit initialization process.
Finished circuit initialization process.
# isim force add /top_mips_hamming/board_clk 1 -radix bin -value 0 -radix bin -time 500 ps -repeat 1 ns
# run 0.005s
# isim force add /top_mips_hamming/board_rst 1 -radix bin
# isim force add /top_mips_hamming/sw_in 10000000000 -radix bin
# run 0.005s
# isim force add /top_mips_hamming/board_rst 0 -radix bin
# run 0.005s
# isim force add /top_mips_hamming/board_rst 1 -radix bin
# isim force add /top_mips_hamming/sw_in 01000000000 -radix bin
# run 0.005s
# isim force add /top_mips_hamming/board_rst 0 -radix bin
# run 0.005s
# isim force add /top_mips_hamming/sw_in 00100000000 -radix bin
# isim force add /top_mips_hamming/board_rst 1 -radix bin
# run 0.005s
# isim force add /top_mips_hamming/board_rst 0 -radix bin
# run 0.005s
# isim force add /top_mips_hamming/board_rst 1 -radix bin
# isim force add /top_mips_hamming/sw_in 00010000000 -radix bin
# run 0.005s
# isim force add /top_mips_hamming/board_rst 0 -radix bin
# run 0.005s
# isim force add /top_mips_hamming/board_rst 1 -radix bin
# isim force add /top_mips_hamming/sw_in 00001000000 -radix bin
# run 0.005s
# isim force add /top_mips_hamming/board_rst 0 -radix bin
# run 0.005s
# isim force add /top_mips_hamming/sw_in 00000100000 -radix bin
# isim force add /top_mips_hamming/board_rst 1 -radix bin
# run 0.005s
# isim force add /top_mips_hamming/board_rst 0 -radix bin
# run 0.005s
# isim force add /top_mips_hamming/board_rst 1 -radix bin
# isim force add /top_mips_hamming/sw_in 00000010000 -radix bin
# run 0.005s
# isim force add /top_mips_hamming/board_rst 0 -radix bin
# run 0.005s
# run 0.005s
# run 0.005s
# isim force add /top_mips_hamming/board_rst 1 -radix bin
# isim force add /top_mips_hamming/sw_in 00000000000 -radix bin
# run 0.005s
# isim force add /top_mips_hamming/board_rst 0 -radix bin
# run 0.005s
# run 0.005s
# isim force add /top_mips_hamming/board_rst 1 -radix bin
# isim force add /top_mips_hamming/sw_in 00000001110 -radix bin
# run 0.005s
# isim force add /top_mips_hamming/board_rst 0 -radix bin
# run 0.005s
# isim force add /top_mips_hamming/board_rst 1 -radix bin
# isim force add /top_mips_hamming/sw_in 00000001101 -radix bin
# run 0.005s
# isim force add /top_mips_hamming/board_rst 0 -radix bin
# run 0.005s
# isim force add /top_mips_hamming/board_rst 1 -radix bin
# isim force add /top_mips_hamming/sw_in 00000000111 -radix bin
# run 0.005s
# isim force add /top_mips_hamming/board_rst 0 -radix bin
# run 0.005s
# isim force add /top_mips_hamming/board_rst 1 -radix bin
# isim force add /top_mips_hamming/sw_in 00000100111 -radix bin
# run 0.005s
# isim force add /top_mips_hamming/board_rst 0 -radix bin
# run 0.005s
