Release 14.7 - xst P.20131013 (nt64)
Copyright (c) 1995-2013 Xilinx, Inc.  All rights reserved.
--> Parameter TMPDIR set to xst/projnav.tmp


Total REAL time to Xst completion: 0.00 secs
Total CPU time to Xst completion: 0.11 secs
 
--> Parameter xsthdpdir set to xst


Total REAL time to Xst completion: 0.00 secs
Total CPU time to Xst completion: 0.11 secs
 
--> Reading design: top_mips_hamming.prj

TABLE OF CONTENTS
  1) Synthesis Options Summary
  2) HDL Parsing
  3) HDL Elaboration
  4) HDL Synthesis
       4.1) HDL Synthesis Report
  5) Advanced HDL Synthesis
       5.1) Advanced HDL Synthesis Report
  6) Low Level Synthesis
  7) Partition Report
  8) Design Summary
       8.1) Primitive and Black Box Usage
       8.2) Device utilization summary
       8.3) Partition Resource Summary
       8.4) Timing Report
            8.4.1) Clock Information
            8.4.2) Asynchronous Control Signals Information
            8.4.3) Timing Summary
            8.4.4) Timing Details
            8.4.5) Cross Clock Domains Report


=========================================================================
*                      Synthesis Options Summary                        *
=========================================================================
---- Source Parameters
Input File Name                    : "top_mips_hamming.prj"
Ignore Synthesis Constraint File   : NO

---- Target Parameters
Output File Name                   : "top_mips_hamming"
Output Format                      : NGC
Target Device                      : xc6slx9-3-tqg144

---- Source Options
Top Module Name                    : top_mips_hamming
Automatic FSM Extraction           : YES
FSM Encoding Algorithm             : Auto
Safe Implementation                : No
FSM Style                          : LUT
RAM Extraction                     : Yes
RAM Style                          : Auto
ROM Extraction                     : Yes
Shift Register Extraction          : YES
ROM Style                          : Auto
Resource Sharing                   : YES
Asynchronous To Synchronous        : NO
Shift Register Minimum Size        : 2
Use DSP Block                      : Auto
Automatic Register Balancing       : No

---- Target Options
LUT Combining                      : Auto
Reduce Control Sets                : Auto
Add IO Buffers                     : YES
Global Maximum Fanout              : 100000
Add Generic Clock Buffer(BUFG)     : 16
Register Duplication               : YES
Optimize Instantiated Primitives   : NO
Use Clock Enable                   : Auto
Use Synchronous Set                : Auto
Use Synchronous Reset              : Auto
Pack IO Registers into IOBs        : Auto
Equivalent register Removal        : YES

---- General Options
Optimization Goal                  : Speed
Optimization Effort                : 1
Power Reduction                    : NO
Keep Hierarchy                     : No
Netlist Hierarchy                  : As_Optimized
RTL Output                         : Yes
Global Optimization                : AllClockNets
Read Cores                         : YES
Write Timing Constraints           : NO
Cross Clock Analysis               : NO
Hierarchy Separator                : /
Bus Delimiter                      : <>
Case Specifier                     : Maintain
Slice Utilization Ratio            : 100
BRAM Utilization Ratio             : 100
DSP48 Utilization Ratio            : 100
Auto BRAM Packing                  : NO
Slice Utilization Ratio Delta      : 5

=========================================================================


=========================================================================
*                          HDL Parsing                                  *
=========================================================================
Analyzing Verilog file "C:\Users\Student.DESKTOP-7NHPTUF\Desktop\Project_LCD\Course_proj2.v" into library work
Parsing module <top_mips_hamming>.
Parsing module <lcd_controller>.
Parsing module <pipe_MIPS32>.

=========================================================================
*                            HDL Elaboration                            *
=========================================================================

Elaborating module <top_mips_hamming>.
WARNING:HDLCompiler:413 - "C:\Users\Student.DESKTOP-7NHPTUF\Desktop\Project_LCD\Course_proj2.v" Line 36: Result of 7-bit expression is truncated to fit in 6-bit target.

Elaborating module <pipe_MIPS32>.
WARNING:HDLCompiler:1127 - "C:\Users\Student.DESKTOP-7NHPTUF\Desktop\Project_LCD\Course_proj2.v" Line 310: Assignment to IF_ID_NPC ignored, since the identifier is never used

Elaborating module <lcd_controller>.

=========================================================================
*                           HDL Synthesis                               *
=========================================================================

Synthesizing Unit <top_mips_hamming>.
    Related source file is "C:\Users\Student.DESKTOP-7NHPTUF\Desktop\Project_LCD\Course_proj2.v".
    Found 1-bit register for signal <r_clk1>.
    Found 1-bit register for signal <r_clk2>.
    Found 6-bit register for signal <count>.
    Found 6-bit adder for signal <count[5]_GND_1_o_add_2_OUT> created at line 36.
    Summary:
	inferred   1 Adder/Subtractor(s).
	inferred   8 D-type flip-flop(s).
Unit <top_mips_hamming> synthesized.

Synthesizing Unit <pipe_MIPS32>.
    Related source file is "C:\Users\Student.DESKTOP-7NHPTUF\Desktop\Project_LCD\Course_proj2.v".
        ADD = 6'b000000
        SUB = 6'b000001
        AND = 6'b000010
        OR = 6'b000011
        XOR = 6'b000110
        SLL = 6'b000111
        SRL = 6'b001000
        HLT = 6'b111111
        RR_ALU = 3'b000
        RM_ALU = 3'b001
        HALT = 3'b101
WARNING:Xst:2999 - Signal 'Mem', unconnected in block 'pipe_MIPS32', is tied to its initial value.
    Found 1024x32-bit single-port Read Only RAM <Mram_Mem> for signal <Mem>.
    Found 1-bit register for signal <HALTED>.
    Found 32-bit register for signal <IF_ID_IR>.
    Found 32-bit register for signal <EX_MEM_IR>.
    Found 3-bit register for signal <EX_MEM_type>.
    Found 32-bit register for signal <EX_MEM_ALUOut>.
    Found 1024-bit register for signal <n0174[1023:0]>.
    Found 32-bit register for signal <ID_EX_IR>.
    Found 32-bit register for signal <ID_EX_A>.
    Found 32-bit register for signal <ID_EX_B>.
    Found 32-bit register for signal <ID_EX_Imm>.
    Found 3-bit register for signal <ID_EX_type>.
    Found 32-bit register for signal <MEM_WB_IR>.
    Found 3-bit register for signal <MEM_WB_type>.
    Found 32-bit register for signal <MEM_WB_ALUOut>.
    Found 32-bit register for signal <PC>.
    Found 32-bit subtractor for signal <ID_EX_A[31]_ID_EX_B[31]_sub_8_OUT> created at line 335.
    Found 32-bit adder for signal <PC[31]_GND_2_o_add_5_OUT> created at line 327.
    Found 32-bit adder for signal <ID_EX_A[31]_ID_EX_B[31]_add_6_OUT> created at line 334.
    Found 32-bit adder for signal <ID_EX_A[31]_ID_EX_Imm[31]_add_22_OUT> created at line 344.
    Found 32-bit shifter logical left for signal <ID_EX_A[31]_ID_EX_B[31]_shift_left_11_OUT> created at line 339
    Found 32-bit shifter logical right for signal <ID_EX_A[31]_ID_EX_B[31]_shift_right_12_OUT> created at line 340
    Found 32-bit 32-to-1 multiplexer for signal <IF_ID_IR[25]_Reg[31][31]_wide_mux_121_OUT> created at line 366.
    Found 32-bit 32-to-1 multiplexer for signal <IF_ID_IR[20]_Reg[31][31]_wide_mux_124_OUT> created at line 367.
    Summary:
	inferred   1 RAM(s).
	inferred   4 Adder/Subtractor(s).
	inferred 1354 D-type flip-flop(s).
	inferred  68 Multiplexer(s).
	inferred   2 Combinational logic shifter(s).
Unit <pipe_MIPS32> synthesized.

Synthesizing Unit <lcd_controller>.
    Related source file is "C:\Users\Student.DESKTOP-7NHPTUF\Desktop\Project_LCD\Course_proj2.v".
    Found 7-bit register for signal <clkstate>.
    Found 3-bit register for signal <syn_latched>.
    Found 23-bit register for signal <clkdiv>.
    Found 23-bit adder for signal <clkdiv[22]_GND_5_o_add_1_OUT> created at line 82.
    Found 7-bit adder for signal <clkstate[6]_GND_5_o_add_7_OUT> created at line 100.
    Summary:
	inferred   2 Adder/Subtractor(s).
	inferred  33 D-type flip-flop(s).
	inferred   2 Multiplexer(s).
Unit <lcd_controller> synthesized.

=========================================================================
HDL Synthesis Report

Macro Statistics
# RAMs                                                 : 1
 1024x32-bit single-port Read Only RAM                 : 1
# Adders/Subtractors                                   : 7
 23-bit adder                                          : 1
 32-bit adder                                          : 3
 32-bit subtractor                                     : 1
 6-bit adder                                           : 1
 7-bit adder                                           : 1
# Registers                                            : 21
 1-bit register                                        : 3
 1024-bit register                                     : 1
 23-bit register                                       : 1
 3-bit register                                        : 4
 32-bit register                                       : 10
 6-bit register                                        : 1
 7-bit register                                        : 1
# Multiplexers                                         : 70
 32-bit 2-to-1 multiplexer                             : 66
 32-bit 32-to-1 multiplexer                            : 2
 7-bit 2-to-1 multiplexer                              : 2
# Logic shifters                                       : 2
 32-bit shifter logical left                           : 1
 32-bit shifter logical right                          : 1
# Xors                                                 : 1
 32-bit xor2                                           : 1

=========================================================================

=========================================================================
*                       Advanced HDL Synthesis                          *
=========================================================================

INFO:Xst:2261 - The FF/Latch <ID_EX_Imm_14> in Unit <processor> is equivalent to the following FF/Latch, which will be removed : <ID_EX_IR_14> 
INFO:Xst:2261 - The FF/Latch <ID_EX_Imm_8> in Unit <processor> is equivalent to the following FF/Latch, which will be removed : <ID_EX_IR_8> 
INFO:Xst:2261 - The FF/Latch <ID_EX_Imm_3> in Unit <processor> is equivalent to the following FF/Latch, which will be removed : <ID_EX_IR_3> 
INFO:Xst:2261 - The FF/Latch <ID_EX_Imm_15> in Unit <processor> is equivalent to the following 17 FFs/Latches, which will be removed : <ID_EX_Imm_16> <ID_EX_Imm_17> <ID_EX_Imm_18> <ID_EX_Imm_19> <ID_EX_Imm_20> <ID_EX_Imm_21> <ID_EX_Imm_22> <ID_EX_Imm_23> <ID_EX_Imm_24> <ID_EX_Imm_25> <ID_EX_Imm_26> <ID_EX_Imm_27> <ID_EX_Imm_28> <ID_EX_Imm_29> <ID_EX_Imm_30> <ID_EX_Imm_31> <ID_EX_IR_15> 
INFO:Xst:2261 - The FF/Latch <ID_EX_Imm_9> in Unit <processor> is equivalent to the following FF/Latch, which will be removed : <ID_EX_IR_9> 
INFO:Xst:2261 - The FF/Latch <ID_EX_Imm_10> in Unit <processor> is equivalent to the following FF/Latch, which will be removed : <ID_EX_IR_10> 
INFO:Xst:2261 - The FF/Latch <ID_EX_Imm_4> in Unit <processor> is equivalent to the following FF/Latch, which will be removed : <ID_EX_IR_4> 
INFO:Xst:2261 - The FF/Latch <ID_EX_Imm_11> in Unit <processor> is equivalent to the following FF/Latch, which will be removed : <ID_EX_IR_11> 
INFO:Xst:2261 - The FF/Latch <ID_EX_Imm_5> in Unit <processor> is equivalent to the following FF/Latch, which will be removed : <ID_EX_IR_5> 
INFO:Xst:2261 - The FF/Latch <ID_EX_Imm_0> in Unit <processor> is equivalent to the following FF/Latch, which will be removed : <ID_EX_IR_0> 
INFO:Xst:2261 - The FF/Latch <ID_EX_Imm_12> in Unit <processor> is equivalent to the following FF/Latch, which will be removed : <ID_EX_IR_12> 
INFO:Xst:2261 - The FF/Latch <ID_EX_Imm_6> in Unit <processor> is equivalent to the following FF/Latch, which will be removed : <ID_EX_IR_6> 
INFO:Xst:2261 - The FF/Latch <ID_EX_Imm_1> in Unit <processor> is equivalent to the following FF/Latch, which will be removed : <ID_EX_IR_1> 
INFO:Xst:2261 - The FF/Latch <ID_EX_Imm_13> in Unit <processor> is equivalent to the following FF/Latch, which will be removed : <ID_EX_IR_13> 
INFO:Xst:2261 - The FF/Latch <ID_EX_Imm_7> in Unit <processor> is equivalent to the following FF/Latch, which will be removed : <ID_EX_IR_7> 
INFO:Xst:2261 - The FF/Latch <ID_EX_Imm_2> in Unit <processor> is equivalent to the following FF/Latch, which will be removed : <ID_EX_IR_2> 
WARNING:Xst:1710 - FF/Latch <ID_EX_type_1> (without init value) has a constant value of 0 in block <processor>. This FF/Latch will be trimmed during the optimization process.
WARNING:Xst:1895 - Due to other FF/Latch trimming, FF/Latch <EX_MEM_type_1> (without init value) has a constant value of 0 in block <processor>. This FF/Latch will be trimmed during the optimization process.
WARNING:Xst:1895 - Due to other FF/Latch trimming, FF/Latch <MEM_WB_type_1> (without init value) has a constant value of 0 in block <processor>. This FF/Latch will be trimmed during the optimization process.
WARNING:Xst:2677 - Node <ID_EX_IR_21> of sequential type is unconnected in block <processor>.
WARNING:Xst:2677 - Node <ID_EX_IR_22> of sequential type is unconnected in block <processor>.
WARNING:Xst:2677 - Node <ID_EX_IR_23> of sequential type is unconnected in block <processor>.
WARNING:Xst:2677 - Node <ID_EX_IR_24> of sequential type is unconnected in block <processor>.
WARNING:Xst:2677 - Node <ID_EX_IR_25> of sequential type is unconnected in block <processor>.
WARNING:Xst:2677 - Node <ID_EX_IR_26> of sequential type is unconnected in block <processor>.
WARNING:Xst:2677 - Node <ID_EX_IR_27> of sequential type is unconnected in block <processor>.
WARNING:Xst:2677 - Node <ID_EX_IR_28> of sequential type is unconnected in block <processor>.
WARNING:Xst:2677 - Node <ID_EX_IR_29> of sequential type is unconnected in block <processor>.
WARNING:Xst:2677 - Node <ID_EX_IR_30> of sequential type is unconnected in block <processor>.
WARNING:Xst:2677 - Node <ID_EX_IR_31> of sequential type is unconnected in block <processor>.
WARNING:Xst:2677 - Node <EX_MEM_IR_0> of sequential type is unconnected in block <processor>.
WARNING:Xst:2677 - Node <EX_MEM_IR_1> of sequential type is unconnected in block <processor>.
WARNING:Xst:2677 - Node <EX_MEM_IR_2> of sequential type is unconnected in block <processor>.
WARNING:Xst:2677 - Node <EX_MEM_IR_3> of sequential type is unconnected in block <processor>.
WARNING:Xst:2677 - Node <EX_MEM_IR_4> of sequential type is unconnected in block <processor>.
WARNING:Xst:2677 - Node <EX_MEM_IR_5> of sequential type is unconnected in block <processor>.
WARNING:Xst:2677 - Node <EX_MEM_IR_6> of sequential type is unconnected in block <processor>.
WARNING:Xst:2677 - Node <EX_MEM_IR_7> of sequential type is unconnected in block <processor>.
WARNING:Xst:2677 - Node <EX_MEM_IR_8> of sequential type is unconnected in block <processor>.
WARNING:Xst:2677 - Node <EX_MEM_IR_9> of sequential type is unconnected in block <processor>.
WARNING:Xst:2677 - Node <EX_MEM_IR_10> of sequential type is unconnected in block <processor>.
WARNING:Xst:2677 - Node <EX_MEM_IR_21> of sequential type is unconnected in block <processor>.
WARNING:Xst:2677 - Node <EX_MEM_IR_22> of sequential type is unconnected in block <processor>.
WARNING:Xst:2677 - Node <EX_MEM_IR_23> of sequential type is unconnected in block <processor>.
WARNING:Xst:2677 - Node <EX_MEM_IR_24> of sequential type is unconnected in block <processor>.
WARNING:Xst:2677 - Node <EX_MEM_IR_25> of sequential type is unconnected in block <processor>.
WARNING:Xst:2677 - Node <EX_MEM_IR_26> of sequential type is unconnected in block <processor>.
WARNING:Xst:2677 - Node <EX_MEM_IR_27> of sequential type is unconnected in block <processor>.
WARNING:Xst:2677 - Node <EX_MEM_IR_28> of sequential type is unconnected in block <processor>.
WARNING:Xst:2677 - Node <EX_MEM_IR_29> of sequential type is unconnected in block <processor>.
WARNING:Xst:2677 - Node <EX_MEM_IR_30> of sequential type is unconnected in block <processor>.
WARNING:Xst:2677 - Node <EX_MEM_IR_31> of sequential type is unconnected in block <processor>.
WARNING:Xst:2677 - Node <MEM_WB_IR_0> of sequential type is unconnected in block <processor>.
WARNING:Xst:2677 - Node <MEM_WB_IR_1> of sequential type is unconnected in block <processor>.
WARNING:Xst:2677 - Node <MEM_WB_IR_2> of sequential type is unconnected in block <processor>.
WARNING:Xst:2677 - Node <MEM_WB_IR_3> of sequential type is unconnected in block <processor>.
WARNING:Xst:2677 - Node <MEM_WB_IR_4> of sequential type is unconnected in block <processor>.
WARNING:Xst:2677 - Node <MEM_WB_IR_5> of sequential type is unconnected in block <processor>.
WARNING:Xst:2677 - Node <MEM_WB_IR_6> of sequential type is unconnected in block <processor>.
WARNING:Xst:2677 - Node <MEM_WB_IR_7> of sequential type is unconnected in block <processor>.
WARNING:Xst:2677 - Node <MEM_WB_IR_8> of sequential type is unconnected in block <processor>.
WARNING:Xst:2677 - Node <MEM_WB_IR_9> of sequential type is unconnected in block <processor>.
WARNING:Xst:2677 - Node <MEM_WB_IR_10> of sequential type is unconnected in block <processor>.
WARNING:Xst:2677 - Node <MEM_WB_IR_21> of sequential type is unconnected in block <processor>.
WARNING:Xst:2677 - Node <MEM_WB_IR_22> of sequential type is unconnected in block <processor>.
WARNING:Xst:2677 - Node <MEM_WB_IR_23> of sequential type is unconnected in block <processor>.
WARNING:Xst:2677 - Node <MEM_WB_IR_24> of sequential type is unconnected in block <processor>.
WARNING:Xst:2677 - Node <MEM_WB_IR_25> of sequential type is unconnected in block <processor>.
WARNING:Xst:2677 - Node <MEM_WB_IR_26> of sequential type is unconnected in block <processor>.
WARNING:Xst:2677 - Node <MEM_WB_IR_27> of sequential type is unconnected in block <processor>.
WARNING:Xst:2677 - Node <MEM_WB_IR_28> of sequential type is unconnected in block <processor>.
WARNING:Xst:2677 - Node <MEM_WB_IR_29> of sequential type is unconnected in block <processor>.
WARNING:Xst:2677 - Node <MEM_WB_IR_30> of sequential type is unconnected in block <processor>.
WARNING:Xst:2677 - Node <MEM_WB_IR_31> of sequential type is unconnected in block <processor>.

Synthesizing (advanced) Unit <lcd_controller>.
The following registers are absorbed into counter <clkdiv>: 1 register on signal <clkdiv>.
Unit <lcd_controller> synthesized (advanced).

Synthesizing (advanced) Unit <pipe_MIPS32>.
The following registers are absorbed into counter <PC>: 1 register on signal <PC>.
INFO:Xst:3226 - The RAM <Mram_Mem> will be implemented as a BLOCK RAM, absorbing the following register(s): <IF_ID_IR>
    -----------------------------------------------------------------------
    | ram_type           | Block                               |          |
    -----------------------------------------------------------------------
    | Port A                                                              |
    |     aspect ratio   | 1024-word x 32-bit                  |          |
    |     mode           | write-first                         |          |
    |     clkA           | connected to signal <clk1>          | rise     |
    |     enA            | connected to signal <HALTED_0>      | low      |
    |     weA            | connected to signal <GND>           | high     |
    |     addrA          | connected to signal <PC>            |          |
    |     diA            | connected to signal <GND>           |          |
    |     doA            | connected to signal <IF_ID_IR>      |          |
    |     dorstA         | connected to signal <rst>           | high     |
    | reset value        | 00000000000000000000000000000000               |
    -----------------------------------------------------------------------
    | optimization       | speed                               |          |
    -----------------------------------------------------------------------
Unit <pipe_MIPS32> synthesized (advanced).

Synthesizing (advanced) Unit <top_mips_hamming>.
The following registers are absorbed into counter <count>: 1 register on signal <count>.
Unit <top_mips_hamming> synthesized (advanced).
WARNING:Xst:2677 - Node <ID_EX_IR_0> of sequential type is unconnected in block <pipe_MIPS32>.
WARNING:Xst:2677 - Node <ID_EX_IR_1> of sequential type is unconnected in block <pipe_MIPS32>.
WARNING:Xst:2677 - Node <ID_EX_IR_2> of sequential type is unconnected in block <pipe_MIPS32>.
WARNING:Xst:2677 - Node <ID_EX_IR_3> of sequential type is unconnected in block <pipe_MIPS32>.
WARNING:Xst:2677 - Node <ID_EX_IR_4> of sequential type is unconnected in block <pipe_MIPS32>.
WARNING:Xst:2677 - Node <ID_EX_IR_5> of sequential type is unconnected in block <pipe_MIPS32>.
WARNING:Xst:2677 - Node <ID_EX_IR_6> of sequential type is unconnected in block <pipe_MIPS32>.
WARNING:Xst:2677 - Node <ID_EX_IR_7> of sequential type is unconnected in block <pipe_MIPS32>.
WARNING:Xst:2677 - Node <ID_EX_IR_8> of sequential type is unconnected in block <pipe_MIPS32>.
WARNING:Xst:2677 - Node <ID_EX_IR_9> of sequential type is unconnected in block <pipe_MIPS32>.
WARNING:Xst:2677 - Node <ID_EX_IR_10> of sequential type is unconnected in block <pipe_MIPS32>.
WARNING:Xst:2677 - Node <ID_EX_IR_21> of sequential type is unconnected in block <pipe_MIPS32>.
WARNING:Xst:2677 - Node <ID_EX_IR_22> of sequential type is unconnected in block <pipe_MIPS32>.
WARNING:Xst:2677 - Node <ID_EX_IR_23> of sequential type is unconnected in block <pipe_MIPS32>.
WARNING:Xst:2677 - Node <ID_EX_IR_24> of sequential type is unconnected in block <pipe_MIPS32>.
WARNING:Xst:2677 - Node <ID_EX_IR_25> of sequential type is unconnected in block <pipe_MIPS32>.
WARNING:Xst:2677 - Node <ID_EX_IR_26> of sequential type is unconnected in block <pipe_MIPS32>.
WARNING:Xst:2677 - Node <ID_EX_IR_27> of sequential type is unconnected in block <pipe_MIPS32>.
WARNING:Xst:2677 - Node <ID_EX_IR_28> of sequential type is unconnected in block <pipe_MIPS32>.
WARNING:Xst:2677 - Node <ID_EX_IR_29> of sequential type is unconnected in block <pipe_MIPS32>.
WARNING:Xst:2677 - Node <ID_EX_IR_30> of sequential type is unconnected in block <pipe_MIPS32>.
WARNING:Xst:2677 - Node <ID_EX_IR_31> of sequential type is unconnected in block <pipe_MIPS32>.
WARNING:Xst:2677 - Node <EX_MEM_IR_0> of sequential type is unconnected in block <pipe_MIPS32>.
WARNING:Xst:2677 - Node <EX_MEM_IR_1> of sequential type is unconnected in block <pipe_MIPS32>.
WARNING:Xst:2677 - Node <EX_MEM_IR_2> of sequential type is unconnected in block <pipe_MIPS32>.
WARNING:Xst:2677 - Node <EX_MEM_IR_3> of sequential type is unconnected in block <pipe_MIPS32>.
WARNING:Xst:2677 - Node <EX_MEM_IR_4> of sequential type is unconnected in block <pipe_MIPS32>.
WARNING:Xst:2677 - Node <EX_MEM_IR_5> of sequential type is unconnected in block <pipe_MIPS32>.
WARNING:Xst:2677 - Node <EX_MEM_IR_6> of sequential type is unconnected in block <pipe_MIPS32>.
WARNING:Xst:2677 - Node <EX_MEM_IR_7> of sequential type is unconnected in block <pipe_MIPS32>.
WARNING:Xst:2677 - Node <EX_MEM_IR_8> of sequential type is unconnected in block <pipe_MIPS32>.
WARNING:Xst:2677 - Node <EX_MEM_IR_9> of sequential type is unconnected in block <pipe_MIPS32>.
WARNING:Xst:2677 - Node <EX_MEM_IR_10> of sequential type is unconnected in block <pipe_MIPS32>.
WARNING:Xst:2677 - Node <EX_MEM_IR_21> of sequential type is unconnected in block <pipe_MIPS32>.
WARNING:Xst:2677 - Node <EX_MEM_IR_22> of sequential type is unconnected in block <pipe_MIPS32>.
WARNING:Xst:2677 - Node <EX_MEM_IR_23> of sequential type is unconnected in block <pipe_MIPS32>.
WARNING:Xst:2677 - Node <EX_MEM_IR_24> of sequential type is unconnected in block <pipe_MIPS32>.
WARNING:Xst:2677 - Node <EX_MEM_IR_25> of sequential type is unconnected in block <pipe_MIPS32>.
WARNING:Xst:2677 - Node <EX_MEM_IR_26> of sequential type is unconnected in block <pipe_MIPS32>.
WARNING:Xst:2677 - Node <EX_MEM_IR_27> of sequential type is unconnected in block <pipe_MIPS32>.
WARNING:Xst:2677 - Node <EX_MEM_IR_28> of sequential type is unconnected in block <pipe_MIPS32>.
WARNING:Xst:2677 - Node <EX_MEM_IR_29> of sequential type is unconnected in block <pipe_MIPS32>.
WARNING:Xst:2677 - Node <EX_MEM_IR_30> of sequential type is unconnected in block <pipe_MIPS32>.
WARNING:Xst:2677 - Node <EX_MEM_IR_31> of sequential type is unconnected in block <pipe_MIPS32>.
WARNING:Xst:2677 - Node <MEM_WB_IR_0> of sequential type is unconnected in block <pipe_MIPS32>.
WARNING:Xst:2677 - Node <MEM_WB_IR_1> of sequential type is unconnected in block <pipe_MIPS32>.
WARNING:Xst:2677 - Node <MEM_WB_IR_2> of sequential type is unconnected in block <pipe_MIPS32>.
WARNING:Xst:2677 - Node <MEM_WB_IR_3> of sequential type is unconnected in block <pipe_MIPS32>.
WARNING:Xst:2677 - Node <MEM_WB_IR_4> of sequential type is unconnected in block <pipe_MIPS32>.
WARNING:Xst:2677 - Node <MEM_WB_IR_5> of sequential type is unconnected in block <pipe_MIPS32>.
WARNING:Xst:2677 - Node <MEM_WB_IR_6> of sequential type is unconnected in block <pipe_MIPS32>.
WARNING:Xst:2677 - Node <MEM_WB_IR_7> of sequential type is unconnected in block <pipe_MIPS32>.
WARNING:Xst:2677 - Node <MEM_WB_IR_8> of sequential type is unconnected in block <pipe_MIPS32>.
WARNING:Xst:2677 - Node <MEM_WB_IR_9> of sequential type is unconnected in block <pipe_MIPS32>.
WARNING:Xst:2677 - Node <MEM_WB_IR_10> of sequential type is unconnected in block <pipe_MIPS32>.
WARNING:Xst:2677 - Node <MEM_WB_IR_21> of sequential type is unconnected in block <pipe_MIPS32>.
WARNING:Xst:2677 - Node <MEM_WB_IR_22> of sequential type is unconnected in block <pipe_MIPS32>.
WARNING:Xst:2677 - Node <MEM_WB_IR_23> of sequential type is unconnected in block <pipe_MIPS32>.
WARNING:Xst:2677 - Node <MEM_WB_IR_24> of sequential type is unconnected in block <pipe_MIPS32>.
WARNING:Xst:2677 - Node <MEM_WB_IR_25> of sequential type is unconnected in block <pipe_MIPS32>.
WARNING:Xst:2677 - Node <MEM_WB_IR_26> of sequential type is unconnected in block <pipe_MIPS32>.
WARNING:Xst:2677 - Node <MEM_WB_IR_27> of sequential type is unconnected in block <pipe_MIPS32>.
WARNING:Xst:2677 - Node <MEM_WB_IR_28> of sequential type is unconnected in block <pipe_MIPS32>.
WARNING:Xst:2677 - Node <MEM_WB_IR_29> of sequential type is unconnected in block <pipe_MIPS32>.
WARNING:Xst:2677 - Node <MEM_WB_IR_30> of sequential type is unconnected in block <pipe_MIPS32>.
WARNING:Xst:2677 - Node <MEM_WB_IR_31> of sequential type is unconnected in block <pipe_MIPS32>.

=========================================================================
Advanced HDL Synthesis Report

Macro Statistics
# RAMs                                                 : 1
 1024x32-bit single-port block Read Only RAM           : 1
# Adders/Subtractors                                   : 4
 32-bit adder                                          : 2
 32-bit subtractor                                     : 1
 7-bit adder                                           : 1
# Counters                                             : 3
 23-bit up counter                                     : 1
 32-bit up counter                                     : 1
 6-bit up counter                                      : 1
# Registers                                            : 1236
 Flip-Flops                                            : 1236
# Multiplexers                                         : 70
 32-bit 2-to-1 multiplexer                             : 66
 32-bit 32-to-1 multiplexer                            : 2
 7-bit 2-to-1 multiplexer                              : 2
# Logic shifters                                       : 2
 32-bit shifter logical left                           : 1
 32-bit shifter logical right                          : 1
# Xors                                                 : 1
 32-bit xor2                                           : 1

=========================================================================

=========================================================================
*                         Low Level Synthesis                           *
=========================================================================
WARNING:Xst:1710 - FF/Latch <ID_EX_type_1> (without init value) has a constant value of 0 in block <pipe_MIPS32>. This FF/Latch will be trimmed during the optimization process.
WARNING:Xst:1895 - Due to other FF/Latch trimming, FF/Latch <EX_MEM_type_1> (without init value) has a constant value of 0 in block <pipe_MIPS32>. This FF/Latch will be trimmed during the optimization process.
WARNING:Xst:1895 - Due to other FF/Latch trimming, FF/Latch <MEM_WB_type_1> (without init value) has a constant value of 0 in block <pipe_MIPS32>. This FF/Latch will be trimmed during the optimization process.
INFO:Xst:2261 - The FF/Latch <ID_EX_IR_14> in Unit <pipe_MIPS32> is equivalent to the following FF/Latch, which will be removed : <ID_EX_Imm_14> 
INFO:Xst:2261 - The FF/Latch <ID_EX_IR_15> in Unit <pipe_MIPS32> is equivalent to the following 17 FFs/Latches, which will be removed : <ID_EX_Imm_15> <ID_EX_Imm_16> <ID_EX_Imm_17> <ID_EX_Imm_18> <ID_EX_Imm_19> <ID_EX_Imm_20> <ID_EX_Imm_21> <ID_EX_Imm_22> <ID_EX_Imm_23> <ID_EX_Imm_24> <ID_EX_Imm_25> <ID_EX_Imm_26> <ID_EX_Imm_27> <ID_EX_Imm_28> <ID_EX_Imm_29> <ID_EX_Imm_30> <ID_EX_Imm_31> 
INFO:Xst:2261 - The FF/Latch <ID_EX_IR_11> in Unit <pipe_MIPS32> is equivalent to the following FF/Latch, which will be removed : <ID_EX_Imm_11> 
INFO:Xst:2261 - The FF/Latch <ID_EX_IR_12> in Unit <pipe_MIPS32> is equivalent to the following FF/Latch, which will be removed : <ID_EX_Imm_12> 
INFO:Xst:2261 - The FF/Latch <ID_EX_IR_13> in Unit <pipe_MIPS32> is equivalent to the following FF/Latch, which will be removed : <ID_EX_Imm_13> 
WARNING:Xst:2677 - Node <PC_10> of sequential type is unconnected in block <pipe_MIPS32>.
WARNING:Xst:2677 - Node <PC_11> of sequential type is unconnected in block <pipe_MIPS32>.
WARNING:Xst:2677 - Node <PC_12> of sequential type is unconnected in block <pipe_MIPS32>.
WARNING:Xst:2677 - Node <PC_13> of sequential type is unconnected in block <pipe_MIPS32>.
WARNING:Xst:2677 - Node <PC_14> of sequential type is unconnected in block <pipe_MIPS32>.
WARNING:Xst:2677 - Node <PC_15> of sequential type is unconnected in block <pipe_MIPS32>.
WARNING:Xst:2677 - Node <PC_16> of sequential type is unconnected in block <pipe_MIPS32>.
WARNING:Xst:2677 - Node <PC_17> of sequential type is unconnected in block <pipe_MIPS32>.
WARNING:Xst:2677 - Node <PC_18> of sequential type is unconnected in block <pipe_MIPS32>.
WARNING:Xst:2677 - Node <PC_19> of sequential type is unconnected in block <pipe_MIPS32>.
WARNING:Xst:2677 - Node <PC_20> of sequential type is unconnected in block <pipe_MIPS32>.
WARNING:Xst:2677 - Node <PC_21> of sequential type is unconnected in block <pipe_MIPS32>.
WARNING:Xst:2677 - Node <PC_22> of sequential type is unconnected in block <pipe_MIPS32>.
WARNING:Xst:2677 - Node <PC_23> of sequential type is unconnected in block <pipe_MIPS32>.
WARNING:Xst:2677 - Node <PC_24> of sequential type is unconnected in block <pipe_MIPS32>.
WARNING:Xst:2677 - Node <PC_25> of sequential type is unconnected in block <pipe_MIPS32>.
WARNING:Xst:2677 - Node <PC_26> of sequential type is unconnected in block <pipe_MIPS32>.
WARNING:Xst:2677 - Node <PC_27> of sequential type is unconnected in block <pipe_MIPS32>.
WARNING:Xst:2677 - Node <PC_28> of sequential type is unconnected in block <pipe_MIPS32>.
WARNING:Xst:2677 - Node <PC_29> of sequential type is unconnected in block <pipe_MIPS32>.
WARNING:Xst:2677 - Node <PC_30> of sequential type is unconnected in block <pipe_MIPS32>.
WARNING:Xst:2677 - Node <PC_31> of sequential type is unconnected in block <pipe_MIPS32>.
WARNING:Xst:2677 - Node <clkdiv_18> of sequential type is unconnected in block <lcd_controller>.
WARNING:Xst:2677 - Node <clkdiv_19> of sequential type is unconnected in block <lcd_controller>.
WARNING:Xst:2677 - Node <clkdiv_20> of sequential type is unconnected in block <lcd_controller>.
WARNING:Xst:2677 - Node <clkdiv_21> of sequential type is unconnected in block <lcd_controller>.
WARNING:Xst:2677 - Node <clkdiv_22> of sequential type is unconnected in block <lcd_controller>.

Optimizing unit <top_mips_hamming> ...

Optimizing unit <pipe_MIPS32> ...

Optimizing unit <lcd_controller> ...

Mapping all equations...
Building and optimizing final netlist ...
Found area constraint ratio of 100 (+ 5) on block top_mips_hamming, actual ratio is 59.

Final Macro Processing ...

=========================================================================
Final Register Report

Macro Statistics
# Registers                                            : 1246
 Flip-Flops                                            : 1246

=========================================================================

=========================================================================
*                           Partition Report                            *
=========================================================================

Partition Implementation Status
-------------------------------

  No Partitions were found in this design.

-------------------------------

=========================================================================
*                            Design Summary                             *
=========================================================================

Top Level Output File Name         : top_mips_hamming.ngc

Primitive and Black Box Usage:
------------------------------
# BELS                             : 2705
#      GND                         : 1
#      INV                         : 5
#      LUT1                        : 25
#      LUT2                        : 164
#      LUT3                        : 50
#      LUT4                        : 35
#      LUT5                        : 93
#      LUT6                        : 2020
#      MUXCY                       : 119
#      MUXF7                       : 68
#      VCC                         : 1
#      XORCY                       : 124
# FlipFlops/Latches                : 1246
#      FD                          : 26
#      FDC                         : 7
#      FDCE                        : 3
#      FDE                         : 1024
#      FDR                         : 1
#      FDRE                        : 185
# RAMS                             : 2
#      RAMB16BWER                  : 2
# Clock Buffers                    : 3
#      BUFG                        : 2
#      BUFGP                       : 1
# IO Buffers                       : 30
#      IBUF                        : 12
#      OBUF                        : 18

Device utilization summary:
---------------------------

Selected Device : 6slx9tqg144-3 


Slice Logic Utilization: 
 Number of Slice Registers:            1246  out of  11440    10%  
 Number of Slice LUTs:                 2392  out of   5720    41%  
    Number used as Logic:              2392  out of   5720    41%  

Slice Logic Distribution: 
 Number of LUT Flip Flop pairs used:   2459
   Number with an unused Flip Flop:    1213  out of   2459    49%  
   Number with an unused LUT:            67  out of   2459     2%  
   Number of fully used LUT-FF pairs:  1179  out of   2459    47%  
   Number of unique control sets:         9

IO Utilization: 
 Number of IOs:                          31
 Number of bonded IOBs:                  31  out of    102    30%  

Specific Feature Utilization:
 Number of Block RAM/FIFO:                2  out of     32     6%  
    Number using Block RAM only:          2
 Number of BUFG/BUFGCTRLs:                3  out of     16    18%  

---------------------------
Partition Resource Summary:
---------------------------

  No Partitions were found in this design.

---------------------------


=========================================================================
Timing Report

NOTE: THESE TIMING NUMBERS ARE ONLY A SYNTHESIS ESTIMATE.
      FOR ACCURATE TIMING INFORMATION PLEASE REFER TO THE TRACE REPORT
      GENERATED AFTER PLACE-and-ROUTE.

Clock Information:
------------------
-----------------------------------+------------------------------+-------+
Clock Signal                       | Clock buffer(FF name)        | Load  |
-----------------------------------+------------------------------+-------+
board_clk                          | BUFGP                        | 26    |
r_clk1                             | BUFG                         | 1081  |
r_clk2                             | BUFG                         | 131   |
display_unit/clkdiv_17             | NONE(display_unit/clkstate_6)| 10    |
-----------------------------------+------------------------------+-------+
INFO:Xst:2169 - HDL ADVISOR - Some clock signals were not automatically buffered by XST with BUFG/BUFR resources. Please use the buffer_type constraint in order to insert these buffers to the clock signals to help prevent skew problems.

Asynchronous Control Signals Information:
----------------------------------------
No asynchronous control signals found in this design

Timing Summary:
---------------
Speed Grade: -3

   Minimum period: 6.481ns (Maximum Frequency: 154.291MHz)
   Minimum input arrival time before clock: 6.310ns
   Maximum output required time after clock: 6.001ns
   Maximum combinational path delay: No path found

Timing Details:
---------------
All values displayed in nanoseconds (ns)

=========================================================================
Timing constraint: Default period analysis for Clock 'board_clk'
  Clock period: 2.135ns (frequency: 468.296MHz)
  Total number of paths / destination ports: 204 / 26
-------------------------------------------------------------------------
Delay:               2.135ns (Levels of Logic = 1)
  Source:            count_0 (FF)
  Destination:       count_0 (FF)
  Source Clock:      board_clk rising
  Destination Clock: board_clk rising

  Data Path: count_0 to count_0
                                Gate     Net
    Cell:in->out      fanout   Delay   Delay  Logical Name (Net Name)
    ----------------------------------------  ------------
     FD:C->Q               8   0.447   0.802  count_0 (count_0)
     INV:I->O              1   0.206   0.579  Mcount_count_xor<0>11_INV_0 (Result<0>)
     FD:D                      0.102          count_0
    ----------------------------------------
    Total                      2.135ns (0.755ns logic, 1.380ns route)
                                       (35.4% logic, 64.6% route)

=========================================================================
Timing constraint: Default period analysis for Clock 'r_clk1'
  Clock period: 6.481ns (frequency: 154.291MHz)
  Total number of paths / destination ports: 3916 / 2167
-------------------------------------------------------------------------
Delay:               6.481ns (Levels of Logic = 4)
  Source:            processor_Mram_Mem2 (RAM)
  Destination:       processor/EX_MEM_ALUOut_31 (FF)
  Source Clock:      r_clk1 rising
  Destination Clock: r_clk1 rising

  Data Path: processor_Mram_Mem2 to processor/EX_MEM_ALUOut_31
                                Gate     Net
    Cell:in->out      fanout   Delay   Delay  Logical Name (Net Name)
    ----------------------------------------  ------------
     RAMB16BWER:CLKA->DOA12   17   1.850   1.392  processor_Mram_Mem2 (processor/IF_ID_IR<30>)
     LUT6:I0->O            9   0.203   1.058  processor/IF_ID_IR[31]_GND_2_o_equal_18_o<31>2_1 (processor/IF_ID_IR[31]_GND_2_o_equal_18_o<31>2)
     LUT5:I2->O            1   0.205   0.580  processor/ID_EX_type[2]_IF_ID_IR[31]_select_26_OUT<31>4_SW0_SW0 (N73)
     LUT5:I4->O            1   0.205   0.684  processor/ID_EX_type[2]_IF_ID_IR[31]_select_26_OUT<31>4 (processor/ID_EX_type[2]_IF_ID_IR[31]_select_26_OUT<31>4)
     LUT6:I4->O            1   0.203   0.000  processor/ID_EX_type[2]_IF_ID_IR[31]_select_26_OUT<31>10 (processor/ID_EX_type[2]_IF_ID_IR[31]_select_26_OUT<31>)
     FDRE:D                    0.102          processor/EX_MEM_ALUOut_31
    ----------------------------------------
    Total                      6.481ns (2.768ns logic, 3.713ns route)
                                       (42.7% logic, 57.3% route)

=========================================================================
Timing constraint: Default period analysis for Clock 'display_unit/clkdiv_17'
  Clock period: 3.724ns (frequency: 268.500MHz)
  Total number of paths / destination ports: 93 / 10
-------------------------------------------------------------------------
Delay:               3.724ns (Levels of Logic = 2)
  Source:            display_unit/clkstate_6 (FF)
  Destination:       display_unit/syn_latched_2 (FF)
  Source Clock:      display_unit/clkdiv_17 rising
  Destination Clock: display_unit/clkdiv_17 rising

  Data Path: display_unit/clkstate_6 to display_unit/syn_latched_2
                                Gate     Net
    Cell:in->out      fanout   Delay   Delay  Logical Name (Net Name)
    ----------------------------------------  ------------
     FDC:C->Q             18   0.447   1.278  display_unit/clkstate_6 (display_unit/clkstate_6)
     LUT3:I0->O            2   0.205   0.617  display_unit/clkstate[6]_GND_5_o_select_14_OUT<0>21 (display_unit/clkstate[6]_GND_5_o_select_14_OUT<0>2)
     LUT6:I5->O            3   0.205   0.650  display_unit/_n0223_inv1 (display_unit/_n0223_inv)
     FDCE:CE                   0.322          display_unit/syn_latched_0
    ----------------------------------------
    Total                      3.724ns (1.179ns logic, 2.545ns route)
                                       (31.7% logic, 68.3% route)

=========================================================================
Timing constraint: Default OFFSET IN BEFORE for Clock 'r_clk1'
  Total number of paths / destination ports: 2118 / 2107
-------------------------------------------------------------------------
Offset:              6.310ns (Levels of Logic = 2)
  Source:            board_rst (PAD)
  Destination:       processor/Reg_31_1023 (FF)
  Destination Clock: r_clk1 rising

  Data Path: board_rst to processor/Reg_31_1023
                                Gate     Net
    Cell:in->out      fanout   Delay   Delay  Logical Name (Net Name)
    ----------------------------------------  ------------
     IBUF:I->O          1162   1.222   2.351  board_rst_IBUF (board_rst_IBUF)
     LUT2:I0->O         1024   0.203   2.212  processor/_n0317_inv1 (processor/_n0317_inv)
     FDE:CE                    0.322          processor/Reg_31_0
    ----------------------------------------
    Total                      6.310ns (1.747ns logic, 4.563ns route)
                                       (27.7% logic, 72.3% route)

=========================================================================
Timing constraint: Default OFFSET IN BEFORE for Clock 'r_clk2'
  Total number of paths / destination ports: 131 / 131
-------------------------------------------------------------------------
Offset:              5.395ns (Levels of Logic = 2)
  Source:            board_rst (PAD)
  Destination:       processor/ID_EX_B_31 (FF)
  Destination Clock: r_clk2 rising

  Data Path: board_rst to processor/ID_EX_B_31
                                Gate     Net
    Cell:in->out      fanout   Delay   Delay  Logical Name (Net Name)
    ----------------------------------------  ------------
     IBUF:I->O          1162   1.222   2.247  board_rst_IBUF (board_rst_IBUF)
     LUT6:I5->O           32   0.205   1.291  processor/Reset_OR_DriverANDClockEnable32 (processor/Reset_OR_DriverANDClockEnable32)
     FDRE:R                    0.430          processor/ID_EX_B_0
    ----------------------------------------
    Total                      5.395ns (1.857ns logic, 3.538ns route)
                                       (34.4% logic, 65.6% route)

=========================================================================
Timing constraint: Default OFFSET IN BEFORE for Clock 'display_unit/clkdiv_17'
  Total number of paths / destination ports: 10 / 10
-------------------------------------------------------------------------
Offset:              3.898ns (Levels of Logic = 1)
  Source:            board_rst (PAD)
  Destination:       display_unit/clkstate_6 (FF)
  Destination Clock: display_unit/clkdiv_17 rising

  Data Path: board_rst to display_unit/clkstate_6
                                Gate     Net
    Cell:in->out      fanout   Delay   Delay  Logical Name (Net Name)
    ----------------------------------------  ------------
     IBUF:I->O          1162   1.222   2.246  board_rst_IBUF (board_rst_IBUF)
     FDCE:CLR                  0.430          display_unit/syn_latched_0
    ----------------------------------------
    Total                      3.898ns (1.652ns logic, 2.246ns route)
                                       (42.4% logic, 57.6% route)

=========================================================================
Timing constraint: Default OFFSET OUT AFTER for Clock 'r_clk1'
  Total number of paths / destination ports: 11 / 11
-------------------------------------------------------------------------
Offset:              3.950ns (Levels of Logic = 1)
  Source:            processor/HALTED (FF)
  Destination:       led_halted (PAD)
  Source Clock:      r_clk1 rising

  Data Path: processor/HALTED to led_halted
                                Gate     Net
    Cell:in->out      fanout   Delay   Delay  Logical Name (Net Name)
    ----------------------------------------  ------------
     FDR:C->Q             13   0.447   0.932  processor/HALTED (processor/HALTED)
     OBUF:I->O                 2.571          led_halted_OBUF (led_halted)
    ----------------------------------------
    Total                      3.950ns (3.018ns logic, 0.932ns route)
                                       (76.4% logic, 23.6% route)

=========================================================================
Timing constraint: Default OFFSET OUT AFTER for Clock 'display_unit/clkdiv_17'
  Total number of paths / destination ports: 59 / 7
-------------------------------------------------------------------------
Offset:              6.001ns (Levels of Logic = 3)
  Source:            display_unit/clkstate_2 (FF)
  Destination:       lcd_data<1> (PAD)
  Source Clock:      display_unit/clkdiv_17 rising

  Data Path: display_unit/clkstate_2 to lcd_data<1>
                                Gate     Net
    Cell:in->out      fanout   Delay   Delay  Logical Name (Net Name)
    ----------------------------------------  ------------
     FDC:C->Q             19   0.447   1.416  display_unit/clkstate_2 (display_unit/clkstate_2)
     LUT5:I0->O            1   0.203   0.580  display_unit/Mmux_lcdheader21 (display_unit/Mmux_lcdheader2)
     LUT6:I5->O            1   0.205   0.579  display_unit/Mmux_lcdheader22 (lcd_data_1_OBUF)
     OBUF:I->O                 2.571          lcd_data_1_OBUF (lcd_data<1>)
    ----------------------------------------
    Total                      6.001ns (3.426ns logic, 2.575ns route)
                                       (57.1% logic, 42.9% route)

=========================================================================

Cross Clock Domains Report:
--------------------------

Clock to Setup on destination clock board_clk
---------------+---------+---------+---------+---------+
               | Src:Rise| Src:Fall| Src:Rise| Src:Fall|
Source Clock   |Dest:Rise|Dest:Rise|Dest:Fall|Dest:Fall|
---------------+---------+---------+---------+---------+
board_clk      |    2.135|         |         |         |
---------------+---------+---------+---------+---------+

Clock to Setup on destination clock display_unit/clkdiv_17
----------------------+---------+---------+---------+---------+
                      | Src:Rise| Src:Fall| Src:Rise| Src:Fall|
Source Clock          |Dest:Rise|Dest:Rise|Dest:Fall|Dest:Fall|
----------------------+---------+---------+---------+---------+
display_unit/clkdiv_17|    3.724|         |         |         |
r_clk1                |    3.870|         |         |         |
----------------------+---------+---------+---------+---------+

Clock to Setup on destination clock r_clk1
---------------+---------+---------+---------+---------+
               | Src:Rise| Src:Fall| Src:Rise| Src:Fall|
Source Clock   |Dest:Rise|Dest:Rise|Dest:Fall|Dest:Fall|
---------------+---------+---------+---------+---------+
r_clk1         |    6.481|         |         |         |
r_clk2         |   10.493|         |         |         |
---------------+---------+---------+---------+---------+

Clock to Setup on destination clock r_clk2
---------------+---------+---------+---------+---------+
               | Src:Rise| Src:Fall| Src:Rise| Src:Fall|
Source Clock   |Dest:Rise|Dest:Rise|Dest:Fall|Dest:Fall|
---------------+---------+---------+---------+---------+
r_clk1         |    6.832|         |         |         |
---------------+---------+---------+---------+---------+

=========================================================================


Total REAL time to Xst completion: 9.00 secs
Total CPU time to Xst completion: 9.36 secs
 
--> 

Total memory usage is 4551608 kilobytes

Number of errors   :    0 (   0 filtered)
Number of warnings :  157 (   0 filtered)
Number of infos    :   23 (   0 filtered)

